2020-04-19 12:24:32 DEBUG AnnotationConfigApplicationContext:594 - Refreshing org.springframework.context.annotation.AnnotationConfigApplicationContext@759ebb3d
2020-04-19 12:24:32 DEBUG DefaultListableBeanFactory:213 - Creating shared instance of singleton bean 'org.springframework.context.annotation.internalConfigurationAnnotationProcessor'
2020-04-19 12:24:32 DEBUG ClassPathBeanDefinitionScanner:437 - Identified candidate component class: file [C:\Users\swarn\Desktop\capgemini\Capgemini Work from Home\Shashank\module-3-lab-book-master\Spring Lab-book\Question 1\Employee-lab4\target\classes\com\cg\dao\EmployeeDaoImpl.class]
2020-04-19 12:24:32 DEBUG ClassPathBeanDefinitionScanner:437 - Identified candidate component class: file [C:\Users\swarn\Desktop\capgemini\Capgemini Work from Home\Shashank\module-3-lab-book-master\Spring Lab-book\Question 1\Employee-lab4\target\classes\com\cg\service\EmployeeServiceImpl.class]
2020-04-19 12:24:32 DEBUG DefaultListableBeanFactory:213 - Creating shared instance of singleton bean 'org.springframework.context.event.internalEventListenerProcessor'
2020-04-19 12:24:32 DEBUG DefaultListableBeanFactory:213 - Creating shared instance of singleton bean 'org.springframework.context.event.internalEventListenerFactory'
2020-04-19 12:24:32 DEBUG DefaultListableBeanFactory:213 - Creating shared instance of singleton bean 'org.springframework.context.annotation.internalAutowiredAnnotationProcessor'
2020-04-19 12:24:32 DEBUG DefaultListableBeanFactory:213 - Creating shared instance of singleton bean 'org.springframework.context.annotation.internalCommonAnnotationProcessor'
2020-04-19 12:24:32 DEBUG DefaultListableBeanFactory:213 - Creating shared instance of singleton bean 'javaConfig'
2020-04-19 12:24:32 DEBUG DefaultListableBeanFactory:213 - Creating shared instance of singleton bean 'employeeDaoImpl'
2020-04-19 12:24:32 DEBUG DefaultListableBeanFactory:213 - Creating shared instance of singleton bean 'employeeServiceImpl'
2020-04-19 12:25:25 DEBUG AnnotationConfigApplicationContext:594 - Refreshing org.springframework.context.annotation.AnnotationConfigApplicationContext@759ebb3d
2020-04-19 12:25:25 DEBUG DefaultListableBeanFactory:213 - Creating shared instance of singleton bean 'org.springframework.context.annotation.internalConfigurationAnnotationProcessor'
2020-04-19 12:25:25 DEBUG ClassPathBeanDefinitionScanner:437 - Identified candidate component class: file [C:\Users\swarn\Desktop\capgemini\Capgemini Work from Home\Shashank\module-3-lab-book-master\Spring Lab-book\Question 1\Employee-lab4\target\classes\com\cg\dao\EmployeeDaoImpl.class]
2020-04-19 12:25:25 DEBUG ClassPathBeanDefinitionScanner:437 - Identified candidate component class: file [C:\Users\swarn\Desktop\capgemini\Capgemini Work from Home\Shashank\module-3-lab-book-master\Spring Lab-book\Question 1\Employee-lab4\target\classes\com\cg\service\EmployeeServiceImpl.class]
2020-04-19 12:25:25 DEBUG DefaultListableBeanFactory:213 - Creating shared instance of singleton bean 'org.springframework.context.event.internalEventListenerProcessor'
2020-04-19 12:25:25 DEBUG DefaultListableBeanFactory:213 - Creating shared instance of singleton bean 'org.springframework.context.event.internalEventListenerFactory'
2020-04-19 12:25:25 DEBUG DefaultListableBeanFactory:213 - Creating shared instance of singleton bean 'org.springframework.context.annotation.internalAutowiredAnnotationProcessor'
2020-04-19 12:25:25 DEBUG DefaultListableBeanFactory:213 - Creating shared instance of singleton bean 'org.springframework.context.annotation.internalCommonAnnotationProcessor'
2020-04-19 12:25:25 DEBUG DefaultListableBeanFactory:213 - Creating shared instance of singleton bean 'javaConfig'
2020-04-19 12:25:25 DEBUG DefaultListableBeanFactory:213 - Creating shared instance of singleton bean 'employeeDaoImpl'
2020-04-19 12:25:25 DEBUG DefaultListableBeanFactory:213 - Creating shared instance of singleton bean 'employeeServiceImpl'
2020-04-19 12:43:53 DEBUG AnnotationConfigApplicationContext:594 - Refreshing org.springframework.context.annotation.AnnotationConfigApplicationContext@759ebb3d
2020-04-19 12:43:53 DEBUG DefaultListableBeanFactory:213 - Creating shared instance of singleton bean 'org.springframework.context.annotation.internalConfigurationAnnotationProcessor'
2020-04-19 12:43:53 DEBUG ClassPathBeanDefinitionScanner:437 - Identified candidate component class: file [C:\Users\swarn\Desktop\capgemini\Capgemini Work from Home\Shashank\module-3-lab-book-master\Spring Lab-book\Question 1\Employee-lab4\target\classes\com\cg\dao\EmployeeDaoImpl.class]
2020-04-19 12:43:53 DEBUG ClassPathBeanDefinitionScanner:437 - Identified candidate component class: file [C:\Users\swarn\Desktop\capgemini\Capgemini Work from Home\Shashank\module-3-lab-book-master\Spring Lab-book\Question 1\Employee-lab4\target\classes\com\cg\service\EmployeeServiceImpl.class]
2020-04-19 12:43:53 DEBUG DefaultListableBeanFactory:213 - Creating shared instance of singleton bean 'org.springframework.context.event.internalEventListenerProcessor'
2020-04-19 12:43:53 DEBUG DefaultListableBeanFactory:213 - Creating shared instance of singleton bean 'org.springframework.context.event.internalEventListenerFactory'
2020-04-19 12:43:53 DEBUG DefaultListableBeanFactory:213 - Creating shared instance of singleton bean 'org.springframework.context.annotation.internalAutowiredAnnotationProcessor'
2020-04-19 12:43:53 DEBUG DefaultListableBeanFactory:213 - Creating shared instance of singleton bean 'org.springframework.context.annotation.internalCommonAnnotationProcessor'
2020-04-19 12:43:53 DEBUG DefaultListableBeanFactory:213 - Creating shared instance of singleton bean 'javaConfig'
2020-04-19 12:43:53 DEBUG DefaultListableBeanFactory:213 - Creating shared instance of singleton bean 'employeeDaoImpl'
2020-04-19 12:43:53 DEBUG DefaultListableBeanFactory:213 - Creating shared instance of singleton bean 'employeeServiceImpl'
2020-04-19 12:45:46 DEBUG AnnotationConfigApplicationContext:594 - Refreshing org.springframework.context.annotation.AnnotationConfigApplicationContext@759ebb3d
2020-04-19 12:45:46 DEBUG DefaultListableBeanFactory:213 - Creating shared instance of singleton bean 'org.springframework.context.annotation.internalConfigurationAnnotationProcessor'
2020-04-19 12:45:46 DEBUG ClassPathBeanDefinitionScanner:437 - Identified candidate component class: file [C:\Users\swarn\Desktop\capgemini\Capgemini Work from Home\Shashank\module-3-lab-book-master\Spring Lab-book\Question 1\Employee-lab4\target\classes\com\cg\dao\EmployeeDaoImpl.class]
2020-04-19 12:45:46 DEBUG ClassPathBeanDefinitionScanner:437 - Identified candidate component class: file [C:\Users\swarn\Desktop\capgemini\Capgemini Work from Home\Shashank\module-3-lab-book-master\Spring Lab-book\Question 1\Employee-lab4\target\classes\com\cg\service\EmployeeServiceImpl.class]
2020-04-19 12:45:46 DEBUG DefaultListableBeanFactory:213 - Creating shared instance of singleton bean 'org.springframework.context.event.internalEventListenerProcessor'
2020-04-19 12:45:46 DEBUG DefaultListableBeanFactory:213 - Creating shared instance of singleton bean 'org.springframework.context.event.internalEventListenerFactory'
2020-04-19 12:45:46 DEBUG DefaultListableBeanFactory:213 - Creating shared instance of singleton bean 'org.springframework.context.annotation.internalAutowiredAnnotationProcessor'
2020-04-19 12:45:46 DEBUG DefaultListableBeanFactory:213 - Creating shared instance of singleton bean 'org.springframework.context.annotation.internalCommonAnnotationProcessor'
2020-04-19 12:45:46 DEBUG DefaultListableBeanFactory:213 - Creating shared instance of singleton bean 'javaConfig'
2020-04-19 12:45:46 DEBUG DefaultListableBeanFactory:213 - Creating shared instance of singleton bean 'employeeDaoImpl'
2020-04-19 12:45:46 DEBUG DefaultListableBeanFactory:213 - Creating shared instance of singleton bean 'employeeServiceImpl'
2020-04-19 12:46:51 DEBUG AnnotationConfigApplicationContext:594 - Refreshing org.springframework.context.annotation.AnnotationConfigApplicationContext@759ebb3d
2020-04-19 12:46:51 DEBUG DefaultListableBeanFactory:213 - Creating shared instance of singleton bean 'org.springframework.context.annotation.internalConfigurationAnnotationProcessor'
2020-04-19 12:46:51 DEBUG ClassPathBeanDefinitionScanner:437 - Identified candidate component class: file [C:\Users\swarn\Desktop\capgemini\Capgemini Work from Home\Shashank\module-3-lab-book-master\Spring Lab-book\Question 1\Employee-lab4\target\classes\com\cg\dao\EmployeeDaoImpl.class]
2020-04-19 12:46:51 DEBUG ClassPathBeanDefinitionScanner:437 - Identified candidate component class: file [C:\Users\swarn\Desktop\capgemini\Capgemini Work from Home\Shashank\module-3-lab-book-master\Spring Lab-book\Question 1\Employee-lab4\target\classes\com\cg\service\EmployeeServiceImpl.class]
2020-04-19 12:46:51 DEBUG DefaultListableBeanFactory:213 - Creating shared instance of singleton bean 'org.springframework.context.event.internalEventListenerProcessor'
2020-04-19 12:46:51 DEBUG DefaultListableBeanFactory:213 - Creating shared instance of singleton bean 'org.springframework.context.event.internalEventListenerFactory'
2020-04-19 12:46:51 DEBUG DefaultListableBeanFactory:213 - Creating shared instance of singleton bean 'org.springframework.context.annotation.internalAutowiredAnnotationProcessor'
2020-04-19 12:46:51 DEBUG DefaultListableBeanFactory:213 - Creating shared instance of singleton bean 'org.springframework.context.annotation.internalCommonAnnotationProcessor'
2020-04-19 12:46:51 DEBUG DefaultListableBeanFactory:213 - Creating shared instance of singleton bean 'javaConfig'
2020-04-19 12:46:51 DEBUG DefaultListableBeanFactory:213 - Creating shared instance of singleton bean 'employeeDaoImpl'
2020-04-19 12:46:51 DEBUG DefaultListableBeanFactory:213 - Creating shared instance of singleton bean 'employeeServiceImpl'
